{"level":"info","message":"DATABASE: Connection success!!","timestamp":"2016-09-02T14:59:22.355Z"}
{"level":"info","message":"Applicaton listen on port 3030","timestamp":"2016-09-02T14:59:22.371Z"}
{"level":"info","message":"DATABASE: Connection success!!","timestamp":"2016-09-02T15:00:40.087Z"}
{"level":"info","message":"Applicaton listen on port 3030","timestamp":"2016-09-02T15:00:40.109Z"}
{"level":"info","message":"DATABASE: Connection success!!","timestamp":"2016-09-02T15:05:35.006Z"}
{"level":"info","message":"Applicaton listen on port 3030","timestamp":"2016-09-02T15:05:35.031Z"}
{"level":"info","message":"DATABASE: Connection success!!","timestamp":"2016-09-02T15:52:07.049Z"}
{"date":"Fri Sep 02 2016 17:52:07 GMT+0200 (ora legale Europa occidentale)","process":{"pid":4236,"uid":null,"gid":null,"cwd":"c:\\Users\\Ale\\WebstormProjects\\NewsProject\\server","execPath":"C:\\Program Files\\nodejs\\node.exe","version":"v4.4.7","argv":["C:\\Program Files\\nodejs\\node.exe","c:\\Users\\Ale\\WebstormProjects\\NewsProject\\server\\server.js"],"memoryUsage":{"rss":41558016,"heapTotal":32151632,"heapUsed":16851424}},"os":{"loadavg":[0,0,0],"uptime":1841.7137419},"trace":[{"column":17,"file":"c:\\Users\\Ale\\WebstormProjects\\NewsProject\\server\\api\\v_1\\index.js","function":"","line":7,"method":null,"native":false},{"column":26,"file":"module.js","function":"Module._compile","line":409,"method":"_compile","native":false},{"column":10,"file":"module.js","function":"Object.Module._extensions..js","line":416,"method":"Module._extensions..js","native":false},{"column":32,"file":"module.js","function":"Module.load","line":343,"method":"load","native":false},{"column":12,"file":"module.js","function":"Function.Module._load","line":300,"method":"Module._load","native":false},{"column":17,"file":"module.js","function":"Module.require","line":353,"method":"require","native":false},{"column":17,"file":"internal/module.js","function":"require","line":12,"method":null,"native":false},{"column":18,"file":"c:\\Users\\Ale\\WebstormProjects\\NewsProject\\server\\server.js","function":"","line":39,"method":null,"native":false},{"column":16,"file":"events.js","function":"NativeConnection.g","line":260,"method":"g","native":false},{"column":13,"file":"events.js","function":"emitNone","line":67,"method":null,"native":false},{"column":7,"file":"events.js","function":"NativeConnection.emit","line":166,"method":"emit","native":false},{"column":11,"file":"c:\\Users\\Ale\\WebstormProjects\\NewsProject\\server\\node_modules\\mongoose\\lib\\connection.js","function":"open","line":516,"method":null,"native":false},{"column":5,"file":"c:\\Users\\Ale\\WebstormProjects\\NewsProject\\server\\node_modules\\mongoose\\lib\\connection.js","function":"NativeConnection.Connection.onOpen","line":525,"method":"Connection.onOpen","native":false},{"column":11,"file":"c:\\Users\\Ale\\WebstormProjects\\NewsProject\\server\\node_modules\\mongoose\\lib\\connection.js","function":null,"line":485,"method":null,"native":false},{"column":5,"file":"c:\\Users\\Ale\\WebstormProjects\\NewsProject\\server\\node_modules\\mongoose\\lib\\drivers\\node-mongodb-native\\connection.js","function":null,"line":71,"method":null,"native":false},{"column":5,"file":"c:\\Users\\Ale\\WebstormProjects\\NewsProject\\server\\node_modules\\mongodb\\lib\\db.js","function":null,"line":234,"method":null,"native":false}],"stack":["ReferenceError: redirects is not defined","    at Object.<anonymous> (c:\\Users\\Ale\\WebstormProjects\\NewsProject\\server\\api\\v_1\\index.js:7:17)","    at Module._compile (module.js:409:26)","    at Object.Module._extensions..js (module.js:416:10)","    at Module.load (module.js:343:32)","    at Function.Module._load (module.js:300:12)","    at Module.require (module.js:353:17)","    at require (internal/module.js:12:17)","    at NativeConnection.<anonymous> (c:\\Users\\Ale\\WebstormProjects\\NewsProject\\server\\server.js:39:18)","    at NativeConnection.g (events.js:260:16)","    at emitNone (events.js:67:13)","    at NativeConnection.emit (events.js:166:7)","    at open (c:\\Users\\Ale\\WebstormProjects\\NewsProject\\server\\node_modules\\mongoose\\lib\\connection.js:516:11)","    at NativeConnection.Connection.onOpen (c:\\Users\\Ale\\WebstormProjects\\NewsProject\\server\\node_modules\\mongoose\\lib\\connection.js:525:5)","    at c:\\Users\\Ale\\WebstormProjects\\NewsProject\\server\\node_modules\\mongoose\\lib\\connection.js:485:11","    at c:\\Users\\Ale\\WebstormProjects\\NewsProject\\server\\node_modules\\mongoose\\lib\\drivers\\node-mongodb-native\\connection.js:71:5","    at c:\\Users\\Ale\\WebstormProjects\\NewsProject\\server\\node_modules\\mongodb\\lib\\db.js:234:5"],"level":"error","message":"uncaughtException: redirects is not defined","timestamp":"2016-09-02T15:52:07.092Z"}
{"level":"info","message":"DATABASE: Connection success!!","timestamp":"2016-09-02T15:52:34.499Z"}
{"level":"info","message":"Applicaton listen on port 3030","timestamp":"2016-09-02T15:52:34.520Z"}
{"level":"info","message":"DATABASE: Connection success!!","timestamp":"2016-09-02T15:53:29.655Z"}
{"level":"info","message":"Applicaton listen on port 3030","timestamp":"2016-09-02T15:53:29.678Z"}
{"level":"info","message":"DATABASE: Connection success!!","timestamp":"2016-09-02T16:12:33.891Z"}
{"level":"info","message":"Applicaton listen on port 3030","timestamp":"2016-09-02T16:12:33.917Z"}
{"level":"info","message":"DATABASE: Connection success!!","timestamp":"2016-09-02T16:14:00.065Z"}
{"level":"info","message":"Applicaton listen on port 3030","timestamp":"2016-09-02T16:14:00.089Z"}
{"level":"info","message":"DATABASE: Connection success!!","timestamp":"2016-09-02T16:14:27.272Z"}
{"level":"info","message":"Applicaton listen on port 3030","timestamp":"2016-09-02T16:14:27.296Z"}
{"level":"info","message":"DATABASE: Connection success!!","timestamp":"2016-09-02T16:16:10.992Z"}
{"level":"info","message":"Applicaton listen on port 3030","timestamp":"2016-09-02T16:16:11.013Z"}
{"level":"info","message":"DATABASE: Connection success!!","timestamp":"2016-09-02T16:16:40.551Z"}
{"level":"info","message":"Applicaton listen on port 3030","timestamp":"2016-09-02T16:16:40.574Z"}
{"level":"info","message":"DATABASE: Connection success!!","timestamp":"2016-09-02T16:18:06.759Z"}
{"level":"info","message":"Applicaton listen on port 3030","timestamp":"2016-09-02T16:18:06.783Z"}
{"level":"info","message":"DATABASE: Connection success!!","timestamp":"2016-09-02T16:26:08.144Z"}
{"level":"info","message":"Applicaton listen on port 3030","timestamp":"2016-09-02T16:26:08.170Z"}
{"level":"info","message":"DATABASE: Connection success!!","timestamp":"2016-09-02T16:26:36.175Z"}
{"level":"info","message":"Applicaton listen on port 3030","timestamp":"2016-09-02T16:26:36.199Z"}
{"level":"info","message":"DATABASE: Connection success!!","timestamp":"2016-09-02T16:28:50.184Z"}
{"level":"info","message":"Applicaton listen on port 3030","timestamp":"2016-09-02T16:28:50.209Z"}
{"level":"info","message":"DATABASE: Connection success!!","timestamp":"2016-09-02T16:29:31.867Z"}
{"level":"info","message":"Applicaton listen on port 3030","timestamp":"2016-09-02T16:29:31.890Z"}
{"level":"info","message":"DATABASE: Connection success!!","timestamp":"2016-09-02T16:34:26.438Z"}
{"level":"info","message":"Applicaton listen on port 3030","timestamp":"2016-09-02T16:34:26.460Z"}
{"level":"info","message":"DATABASE: Connection success!!","timestamp":"2016-09-02T20:42:26.966Z"}
{"level":"info","message":"Applicaton listen on port 3030","timestamp":"2016-09-02T20:42:26.985Z"}
{"level":"info","message":"DATABASE: Connection success!!","timestamp":"2016-09-02T20:42:51.495Z"}
{"level":"info","message":"Applicaton listen on port 3030","timestamp":"2016-09-02T20:42:51.512Z"}
{"level":"info","message":"DATABASE: Connection success!!","timestamp":"2016-09-02T20:43:13.268Z"}
{"level":"info","message":"Applicaton listen on port 3030","timestamp":"2016-09-02T20:43:13.290Z"}
{"level":"info","message":"DATABASE: Connection success!!","timestamp":"2016-09-02T20:43:25.272Z"}
{"level":"info","message":"Applicaton listen on port 3030","timestamp":"2016-09-02T20:43:25.289Z"}
{"level":"info","message":"DATABASE: Connection success!!","timestamp":"2016-09-02T20:43:50.622Z"}
{"level":"info","message":"Applicaton listen on port 3030","timestamp":"2016-09-02T20:43:50.648Z"}
{"level":"info","message":"DATABASE: Connection success!!","timestamp":"2016-09-02T20:44:04.651Z"}
{"level":"info","message":"Applicaton listen on port 3030","timestamp":"2016-09-02T20:44:04.672Z"}
{"level":"info","message":"DATABASE: Connection success!!","timestamp":"2016-09-02T20:48:48.145Z"}
{"level":"info","message":"Applicaton listen on port 3030","timestamp":"2016-09-02T20:48:48.171Z"}
{"level":"info","message":"DATABASE: Connection success!!","timestamp":"2016-09-02T20:49:47.480Z"}
{"level":"info","message":"Applicaton listen on port 3030","timestamp":"2016-09-02T20:49:47.497Z"}
{"level":"info","message":"DATABASE: Connection success!!","timestamp":"2016-09-02T20:51:19.282Z"}
{"level":"info","message":"Applicaton listen on port 3030","timestamp":"2016-09-02T20:51:19.298Z"}
{"level":"info","message":"DATABASE: Connection success!!","timestamp":"2016-09-04T08:41:23.881Z"}
{"level":"info","message":"Applicaton listen on port 3030","timestamp":"2016-09-04T08:41:23.904Z"}
{"level":"info","message":"DATABASE: Connection success!!","timestamp":"2016-09-04T08:43:32.689Z"}
{"level":"info","message":"Applicaton listen on port 3030","timestamp":"2016-09-04T08:43:32.710Z"}
{"level":"info","message":"DATABASE: Connection success!!","timestamp":"2016-09-04T08:47:02.959Z"}
{"level":"info","message":"Applicaton listen on port 3030","timestamp":"2016-09-04T08:47:02.979Z"}
{"level":"info","message":"DATABASE: Connection success!!","timestamp":"2016-09-04T08:48:25.971Z"}
{"level":"info","message":"Applicaton listen on port 3030","timestamp":"2016-09-04T08:48:25.990Z"}
{"level":"info","message":"DATABASE: Connection success!!","timestamp":"2016-09-04T08:48:43.903Z"}
{"level":"info","message":"Applicaton listen on port 3030","timestamp":"2016-09-04T08:48:43.924Z"}
{"level":"info","message":"DATABASE: Connection success!!","timestamp":"2016-09-04T08:49:00.113Z"}
{"level":"info","message":"Applicaton listen on port 3030","timestamp":"2016-09-04T08:49:00.143Z"}
{"level":"info","message":"DATABASE: Connection success!!","timestamp":"2016-09-04T08:49:29.020Z"}
{"level":"info","message":"Applicaton listen on port 3030","timestamp":"2016-09-04T08:49:29.038Z"}
{"level":"info","message":"DATABASE: Connection success!!","timestamp":"2016-09-04T08:49:45.594Z"}
{"level":"info","message":"Applicaton listen on port 3030","timestamp":"2016-09-04T08:49:45.613Z"}
{"level":"info","message":"DATABASE: Connection success!!","timestamp":"2016-09-04T09:50:14.815Z"}
{"level":"info","message":"Applicaton listen on port 3030","timestamp":"2016-09-04T09:50:14.848Z"}
{"level":"info","message":"DATABASE: Connection success!!","timestamp":"2016-09-04T09:51:15.426Z"}
{"level":"info","message":"Applicaton listen on port 3030","timestamp":"2016-09-04T09:51:15.455Z"}
{"level":"info","message":"DATABASE: Connection success!!","timestamp":"2016-09-04T09:51:44.211Z"}
{"level":"info","message":"Applicaton listen on port 3030","timestamp":"2016-09-04T09:51:44.246Z"}
{"level":"info","message":"DATABASE: Connection success!!","timestamp":"2016-09-04T09:53:32.517Z"}
{"level":"info","message":"Applicaton listen on port 3030","timestamp":"2016-09-04T09:53:32.550Z"}
{"level":"info","message":"DATABASE: Connection success!!","timestamp":"2016-09-04T10:09:09.870Z"}
{"level":"info","message":"Applicaton listen on port 3030","timestamp":"2016-09-04T10:09:09.895Z"}
{"level":"info","message":"DATABASE: Connection success!!","timestamp":"2016-09-04T10:15:14.400Z"}
{"level":"info","message":"Applicaton listen on port 3030","timestamp":"2016-09-04T10:15:14.431Z"}
{"level":"info","message":"DATABASE: Connection success!!","timestamp":"2016-09-04T10:22:19.428Z"}
{"level":"info","message":"Applicaton listen on port 3030","timestamp":"2016-09-04T10:22:19.464Z"}
{"level":"info","message":"DATABASE: Connection success!!","timestamp":"2016-09-04T10:23:37.277Z"}
{"level":"info","message":"Applicaton listen on port 3030","timestamp":"2016-09-04T10:23:37.303Z"}
{"level":"info","message":"DATABASE: Connection success!!","timestamp":"2016-09-04T10:24:09.864Z"}
{"level":"info","message":"Applicaton listen on port 3030","timestamp":"2016-09-04T10:24:09.897Z"}
{"level":"info","message":"DATABASE: Connection success!!","timestamp":"2016-09-04T10:25:10.305Z"}
{"level":"info","message":"Applicaton listen on port 3030","timestamp":"2016-09-04T10:25:10.342Z"}
{"level":"info","message":"DATABASE: Connection success!!","timestamp":"2016-09-04T10:25:21.819Z"}
{"level":"info","message":"Applicaton listen on port 3030","timestamp":"2016-09-04T10:25:21.860Z"}
{"level":"info","message":"DATABASE: Connection success!!","timestamp":"2016-09-04T10:25:31.436Z"}
{"level":"info","message":"Applicaton listen on port 3030","timestamp":"2016-09-04T10:25:31.468Z"}
{"level":"info","message":"DATABASE: Connection success!!","timestamp":"2016-09-04T10:28:54.559Z"}
{"level":"info","message":"Applicaton listen on port 3030","timestamp":"2016-09-04T10:28:54.596Z"}
{"level":"info","message":"DATABASE: Connection success!!","timestamp":"2016-09-04T10:29:42.564Z"}
{"level":"info","message":"Applicaton listen on port 3030","timestamp":"2016-09-04T10:29:42.589Z"}
{"level":"info","message":"DATABASE: Connection success!!","timestamp":"2016-09-04T10:33:37.496Z"}
{"level":"info","message":"Applicaton listen on port 3030","timestamp":"2016-09-04T10:33:37.529Z"}
{"level":"info","message":"DATABASE: Connection success!!","timestamp":"2016-09-04T10:36:33.810Z"}
{"level":"info","message":"Applicaton listen on port 3030","timestamp":"2016-09-04T10:36:33.846Z"}
{"level":"info","message":"DATABASE: Connection success!!","timestamp":"2016-09-04T10:37:14.075Z"}
{"level":"info","message":"Applicaton listen on port 3030","timestamp":"2016-09-04T10:37:14.106Z"}
{"level":"info","message":"DATABASE: Connection success!!","timestamp":"2016-09-04T10:40:03.661Z"}
{"level":"info","message":"Applicaton listen on port 3030","timestamp":"2016-09-04T10:40:03.695Z"}
{"level":"info","message":"DATABASE: Connection success!!","timestamp":"2016-09-04T10:43:03.460Z"}
{"level":"info","message":"Applicaton listen on port 3030","timestamp":"2016-09-04T10:43:03.490Z"}
{"level":"info","message":"DATABASE: Connection success!!","timestamp":"2016-09-04T10:44:27.457Z"}
{"level":"info","message":"Applicaton listen on port 3030","timestamp":"2016-09-04T10:44:27.489Z"}
{"level":"info","message":"DATABASE: Connection success!!","timestamp":"2016-09-04T10:47:27.566Z"}
{"level":"info","message":"Applicaton listen on port 3030","timestamp":"2016-09-04T10:47:27.600Z"}
{"level":"info","message":"DATABASE: Connection success!!","timestamp":"2016-09-04T12:14:42.687Z"}
{"level":"info","message":"Applicaton listen on port 3030","timestamp":"2016-09-04T12:14:42.714Z"}
{"level":"info","message":"DATABASE: Connection success!!","timestamp":"2016-09-04T12:14:52.247Z"}
{"level":"info","message":"Applicaton listen on port 3030","timestamp":"2016-09-04T12:14:52.284Z"}
{"level":"info","message":"DATABASE: Connection success!!","timestamp":"2016-09-04T12:17:59.974Z"}
{"level":"info","message":"Applicaton listen on port 3030","timestamp":"2016-09-04T12:18:00.012Z"}
{"level":"info","message":"DATABASE: Connection success!!","timestamp":"2016-09-04T12:21:30.803Z"}
{"level":"info","message":"Applicaton listen on port 3030","timestamp":"2016-09-04T12:21:30.839Z"}
{"level":"info","message":"DATABASE: Connection success!!","timestamp":"2016-09-04T12:21:59.172Z"}
{"level":"info","message":"Applicaton listen on port 3030","timestamp":"2016-09-04T12:21:59.196Z"}
{"level":"info","message":"DATABASE: Connection success!!","timestamp":"2016-09-04T12:26:14.461Z"}
{"level":"info","message":"Applicaton listen on port 3030","timestamp":"2016-09-04T12:26:14.500Z"}
{"level":"info","message":"DATABASE: Connection success!!","timestamp":"2016-09-04T12:27:06.117Z"}
{"level":"info","message":"Applicaton listen on port 3030","timestamp":"2016-09-04T12:27:06.150Z"}
{"level":"info","message":"DATABASE: Connection success!!","timestamp":"2016-09-04T17:17:01.066Z"}
{"level":"info","message":"Applicaton listen on port 3030","timestamp":"2016-09-04T17:17:01.092Z"}
{"level":"info","message":"DATABASE: Connection success!!","timestamp":"2016-09-04T17:25:33.304Z"}
{"level":"info","message":"Applicaton listen on port 3030","timestamp":"2016-09-04T17:25:33.334Z"}
{"level":"info","message":"DATABASE: Connection success!!","timestamp":"2016-09-04T17:33:35.908Z"}
{"level":"info","message":"Applicaton listen on port 3030","timestamp":"2016-09-04T17:33:35.940Z"}
{"level":"info","message":"DATABASE: Connection success!!","timestamp":"2016-09-04T17:36:11.676Z"}
{"level":"info","message":"Applicaton listen on port 3030","timestamp":"2016-09-04T17:36:11.700Z"}
{"level":"info","message":"DATABASE: Connection success!!","timestamp":"2016-09-04T17:36:46.670Z"}
{"level":"info","message":"Applicaton listen on port 3030","timestamp":"2016-09-04T17:36:46.705Z"}
{"level":"info","message":"DATABASE: Connection success!!","timestamp":"2016-09-04T17:39:13.719Z"}
{"level":"info","message":"Applicaton listen on port 3030","timestamp":"2016-09-04T17:39:13.756Z"}
{"level":"info","message":"DATABASE: Connection success!!","timestamp":"2016-09-04T17:52:29.984Z"}
{"level":"info","message":"Applicaton listen on port 3030","timestamp":"2016-09-04T17:52:30.014Z"}
{"level":"info","message":"DATABASE: Connection success!!","timestamp":"2016-09-05T08:38:14.413Z"}
{"level":"info","message":"Applicaton listen on port 3030","timestamp":"2016-09-05T08:38:14.452Z"}
{"level":"info","message":"DATABASE: Connection success!!","timestamp":"2016-09-05T08:39:58.380Z"}
{"level":"info","message":"Applicaton listen on port 3030","timestamp":"2016-09-05T08:39:58.409Z"}
{"level":"info","message":"DATABASE: Connection success!!","timestamp":"2016-09-05T10:13:26.462Z"}
{"level":"info","message":"Applicaton listen on port 3030","timestamp":"2016-09-05T10:13:26.509Z"}
{"level":"info","message":"DATABASE: Connection success!!","timestamp":"2016-09-05T10:18:14.788Z"}
{"level":"info","message":"Applicaton listen on port 3030","timestamp":"2016-09-05T10:18:14.849Z"}
{"level":"info","message":"DATABASE: Connection success!!","timestamp":"2016-09-05T10:19:28.885Z"}
{"level":"info","message":"Applicaton listen on port 3030","timestamp":"2016-09-05T10:19:28.944Z"}
{"level":"info","message":"DATABASE: Connection success!!","timestamp":"2016-09-05T11:17:43.582Z"}
{"date":"Mon Sep 05 2016 13:17:43 GMT+0200 (ora legale Europa occidentale)","process":{"pid":4688,"uid":null,"gid":null,"cwd":"c:\\Users\\Ale\\WebstormProjects\\NewsProject\\server","execPath":"C:\\Program Files\\nodejs\\node.exe","version":"v4.4.7","argv":["C:\\Program Files\\nodejs\\node.exe","c:\\Users\\Ale\\WebstormProjects\\NewsProject\\server\\server.js"],"memoryUsage":{"rss":70889472,"heapTotal":45494608,"heapUsed":30055624}},"os":{"loadavg":[0,0,0],"uptime":244584.0378713},"trace":[{"column":15,"file":"module.js","function":"Function.Module._resolveFilename","line":325,"method":"Module._resolveFilename","native":false},{"column":25,"file":"module.js","function":"Function.Module._load","line":276,"method":"Module._load","native":false},{"column":17,"file":"module.js","function":"Module.require","line":353,"method":"require","native":false},{"column":17,"file":"internal/module.js","function":"require","line":12,"method":null,"native":false},{"column":21,"file":"c:\\Users\\Ale\\WebstormProjects\\NewsProject\\server\\api\\v_1\\routes\\api.js","function":"","line":3,"method":null,"native":false},{"column":26,"file":"module.js","function":"Module._compile","line":409,"method":"_compile","native":false},{"column":10,"file":"module.js","function":"Object.Module._extensions..js","line":416,"method":"Module._extensions..js","native":false},{"column":32,"file":"module.js","function":"Module.load","line":343,"method":"load","native":false},{"column":12,"file":"module.js","function":"Function.Module._load","line":300,"method":"Module._load","native":false},{"column":17,"file":"module.js","function":"Module.require","line":353,"method":"require","native":false},{"column":17,"file":"internal/module.js","function":"require","line":12,"method":null,"native":false},{"column":11,"file":"c:\\Users\\Ale\\WebstormProjects\\NewsProject\\server\\api\\v_1\\index.js","function":"","line":4,"method":null,"native":false},{"column":26,"file":"module.js","function":"Module._compile","line":409,"method":"_compile","native":false},{"column":10,"file":"module.js","function":"Object.Module._extensions..js","line":416,"method":"Module._extensions..js","native":false},{"column":32,"file":"module.js","function":"Module.load","line":343,"method":"load","native":false},{"column":12,"file":"module.js","function":"Function.Module._load","line":300,"method":"Module._load","native":false}],"stack":["Error: Cannot find module './db/ArticlesModel'","    at Function.Module._resolveFilename (module.js:325:15)","    at Function.Module._load (module.js:276:25)","    at Module.require (module.js:353:17)","    at require (internal/module.js:12:17)","    at Object.<anonymous> (c:\\Users\\Ale\\WebstormProjects\\NewsProject\\server\\api\\v_1\\routes\\api.js:3:21)","    at Module._compile (module.js:409:26)","    at Object.Module._extensions..js (module.js:416:10)","    at Module.load (module.js:343:32)","    at Function.Module._load (module.js:300:12)","    at Module.require (module.js:353:17)","    at require (internal/module.js:12:17)","    at Object.<anonymous> (c:\\Users\\Ale\\WebstormProjects\\NewsProject\\server\\api\\v_1\\index.js:4:11)","    at Module._compile (module.js:409:26)","    at Object.Module._extensions..js (module.js:416:10)","    at Module.load (module.js:343:32)","    at Function.Module._load (module.js:300:12)"],"level":"error","message":"uncaughtException: Cannot find module './db/ArticlesModel'","timestamp":"2016-09-05T11:17:43.621Z"}
{"level":"info","message":"DATABASE: Connection success!!","timestamp":"2016-09-05T11:18:05.179Z"}
{"date":"Mon Sep 05 2016 13:18:05 GMT+0200 (ora legale Europa occidentale)","process":{"pid":3364,"uid":null,"gid":null,"cwd":"c:\\Users\\Ale\\WebstormProjects\\NewsProject\\server","execPath":"C:\\Program Files\\nodejs\\node.exe","version":"v4.4.7","argv":["C:\\Program Files\\nodejs\\node.exe","c:\\Users\\Ale\\WebstormProjects\\NewsProject\\server\\server.js"],"memoryUsage":{"rss":70873088,"heapTotal":45494608,"heapUsed":29662624}},"os":{"loadavg":[0,0,0],"uptime":244605.6291063},"trace":[{"column":15,"file":"module.js","function":"Function.Module._resolveFilename","line":325,"method":"Module._resolveFilename","native":false},{"column":25,"file":"module.js","function":"Function.Module._load","line":276,"method":"Module._load","native":false},{"column":17,"file":"module.js","function":"Module.require","line":353,"method":"require","native":false},{"column":17,"file":"internal/module.js","function":"require","line":12,"method":null,"native":false},{"column":21,"file":"c:\\Users\\Ale\\WebstormProjects\\NewsProject\\server\\api\\v_1\\routes\\api.js","function":"","line":3,"method":null,"native":false},{"column":26,"file":"module.js","function":"Module._compile","line":409,"method":"_compile","native":false},{"column":10,"file":"module.js","function":"Object.Module._extensions..js","line":416,"method":"Module._extensions..js","native":false},{"column":32,"file":"module.js","function":"Module.load","line":343,"method":"load","native":false},{"column":12,"file":"module.js","function":"Function.Module._load","line":300,"method":"Module._load","native":false},{"column":17,"file":"module.js","function":"Module.require","line":353,"method":"require","native":false},{"column":17,"file":"internal/module.js","function":"require","line":12,"method":null,"native":false},{"column":11,"file":"c:\\Users\\Ale\\WebstormProjects\\NewsProject\\server\\api\\v_1\\index.js","function":"","line":4,"method":null,"native":false},{"column":26,"file":"module.js","function":"Module._compile","line":409,"method":"_compile","native":false},{"column":10,"file":"module.js","function":"Object.Module._extensions..js","line":416,"method":"Module._extensions..js","native":false},{"column":32,"file":"module.js","function":"Module.load","line":343,"method":"load","native":false},{"column":12,"file":"module.js","function":"Function.Module._load","line":300,"method":"Module._load","native":false}],"stack":["Error: Cannot find module './db/ArticlesModel'","    at Function.Module._resolveFilename (module.js:325:15)","    at Function.Module._load (module.js:276:25)","    at Module.require (module.js:353:17)","    at require (internal/module.js:12:17)","    at Object.<anonymous> (c:\\Users\\Ale\\WebstormProjects\\NewsProject\\server\\api\\v_1\\routes\\api.js:3:21)","    at Module._compile (module.js:409:26)","    at Object.Module._extensions..js (module.js:416:10)","    at Module.load (module.js:343:32)","    at Function.Module._load (module.js:300:12)","    at Module.require (module.js:353:17)","    at require (internal/module.js:12:17)","    at Object.<anonymous> (c:\\Users\\Ale\\WebstormProjects\\NewsProject\\server\\api\\v_1\\index.js:4:11)","    at Module._compile (module.js:409:26)","    at Object.Module._extensions..js (module.js:416:10)","    at Module.load (module.js:343:32)","    at Function.Module._load (module.js:300:12)"],"level":"error","message":"uncaughtException: Cannot find module './db/ArticlesModel'","timestamp":"2016-09-05T11:18:05.212Z"}
{"level":"info","message":"DATABASE: Connection success!!","timestamp":"2016-09-05T11:18:31.224Z"}
{"date":"Mon Sep 05 2016 13:18:31 GMT+0200 (ora legale Europa occidentale)","process":{"pid":7180,"uid":null,"gid":null,"cwd":"c:\\Users\\Ale\\WebstormProjects\\NewsProject\\server","execPath":"C:\\Program Files\\nodejs\\node.exe","version":"v4.4.7","argv":["C:\\Program Files\\nodejs\\node.exe","c:\\Users\\Ale\\WebstormProjects\\NewsProject\\server\\server.js"],"memoryUsage":{"rss":70561792,"heapTotal":45494608,"heapUsed":29287288}},"os":{"loadavg":[0,0,0],"uptime":244631.6735959},"trace":[{"column":15,"file":"module.js","function":"Function.Module._resolveFilename","line":325,"method":"Module._resolveFilename","native":false},{"column":25,"file":"module.js","function":"Function.Module._load","line":276,"method":"Module._load","native":false},{"column":17,"file":"module.js","function":"Module.require","line":353,"method":"require","native":false},{"column":17,"file":"internal/module.js","function":"require","line":12,"method":null,"native":false},{"column":21,"file":"c:\\Users\\Ale\\WebstormProjects\\NewsProject\\server\\api\\v_1\\routes\\api.js","function":"","line":3,"method":null,"native":false},{"column":26,"file":"module.js","function":"Module._compile","line":409,"method":"_compile","native":false},{"column":10,"file":"module.js","function":"Object.Module._extensions..js","line":416,"method":"Module._extensions..js","native":false},{"column":32,"file":"module.js","function":"Module.load","line":343,"method":"load","native":false},{"column":12,"file":"module.js","function":"Function.Module._load","line":300,"method":"Module._load","native":false},{"column":17,"file":"module.js","function":"Module.require","line":353,"method":"require","native":false},{"column":17,"file":"internal/module.js","function":"require","line":12,"method":null,"native":false},{"column":11,"file":"c:\\Users\\Ale\\WebstormProjects\\NewsProject\\server\\api\\v_1\\index.js","function":"","line":4,"method":null,"native":false},{"column":26,"file":"module.js","function":"Module._compile","line":409,"method":"_compile","native":false},{"column":10,"file":"module.js","function":"Object.Module._extensions..js","line":416,"method":"Module._extensions..js","native":false},{"column":32,"file":"module.js","function":"Module.load","line":343,"method":"load","native":false},{"column":12,"file":"module.js","function":"Function.Module._load","line":300,"method":"Module._load","native":false}],"stack":["Error: Cannot find module '../db/ArticlesModel'","    at Function.Module._resolveFilename (module.js:325:15)","    at Function.Module._load (module.js:276:25)","    at Module.require (module.js:353:17)","    at require (internal/module.js:12:17)","    at Object.<anonymous> (c:\\Users\\Ale\\WebstormProjects\\NewsProject\\server\\api\\v_1\\routes\\api.js:3:21)","    at Module._compile (module.js:409:26)","    at Object.Module._extensions..js (module.js:416:10)","    at Module.load (module.js:343:32)","    at Function.Module._load (module.js:300:12)","    at Module.require (module.js:353:17)","    at require (internal/module.js:12:17)","    at Object.<anonymous> (c:\\Users\\Ale\\WebstormProjects\\NewsProject\\server\\api\\v_1\\index.js:4:11)","    at Module._compile (module.js:409:26)","    at Object.Module._extensions..js (module.js:416:10)","    at Module.load (module.js:343:32)","    at Function.Module._load (module.js:300:12)"],"level":"error","message":"uncaughtException: Cannot find module '../db/ArticlesModel'","timestamp":"2016-09-05T11:18:31.256Z"}
{"level":"info","message":"DATABASE: Connection success!!","timestamp":"2016-09-05T11:19:07.920Z"}
{"date":"Mon Sep 05 2016 13:19:07 GMT+0200 (ora legale Europa occidentale)","process":{"pid":5648,"uid":null,"gid":null,"cwd":"c:\\Users\\Ale\\WebstormProjects\\NewsProject\\server","execPath":"C:\\Program Files\\nodejs\\node.exe","version":"v4.4.7","argv":["C:\\Program Files\\nodejs\\node.exe","c:\\Users\\Ale\\WebstormProjects\\NewsProject\\server\\server.js"],"memoryUsage":{"rss":70156288,"heapTotal":45494608,"heapUsed":29263512}},"os":{"loadavg":[0,0,0],"uptime":244668.3686948},"trace":[{"column":15,"file":"module.js","function":"Function.Module._resolveFilename","line":325,"method":"Module._resolveFilename","native":false},{"column":25,"file":"module.js","function":"Function.Module._load","line":276,"method":"Module._load","native":false},{"column":17,"file":"module.js","function":"Module.require","line":353,"method":"require","native":false},{"column":17,"file":"internal/module.js","function":"require","line":12,"method":null,"native":false},{"column":21,"file":"c:\\Users\\Ale\\WebstormProjects\\NewsProject\\server\\api\\v_1\\routes\\api.js","function":"","line":3,"method":null,"native":false},{"column":26,"file":"module.js","function":"Module._compile","line":409,"method":"_compile","native":false},{"column":10,"file":"module.js","function":"Object.Module._extensions..js","line":416,"method":"Module._extensions..js","native":false},{"column":32,"file":"module.js","function":"Module.load","line":343,"method":"load","native":false},{"column":12,"file":"module.js","function":"Function.Module._load","line":300,"method":"Module._load","native":false},{"column":17,"file":"module.js","function":"Module.require","line":353,"method":"require","native":false},{"column":17,"file":"internal/module.js","function":"require","line":12,"method":null,"native":false},{"column":11,"file":"c:\\Users\\Ale\\WebstormProjects\\NewsProject\\server\\api\\v_1\\index.js","function":"","line":4,"method":null,"native":false},{"column":26,"file":"module.js","function":"Module._compile","line":409,"method":"_compile","native":false},{"column":10,"file":"module.js","function":"Object.Module._extensions..js","line":416,"method":"Module._extensions..js","native":false},{"column":32,"file":"module.js","function":"Module.load","line":343,"method":"load","native":false},{"column":12,"file":"module.js","function":"Function.Module._load","line":300,"method":"Module._load","native":false}],"stack":["Error: Cannot find module '../../db/ArticlesModel'","    at Function.Module._resolveFilename (module.js:325:15)","    at Function.Module._load (module.js:276:25)","    at Module.require (module.js:353:17)","    at require (internal/module.js:12:17)","    at Object.<anonymous> (c:\\Users\\Ale\\WebstormProjects\\NewsProject\\server\\api\\v_1\\routes\\api.js:3:21)","    at Module._compile (module.js:409:26)","    at Object.Module._extensions..js (module.js:416:10)","    at Module.load (module.js:343:32)","    at Function.Module._load (module.js:300:12)","    at Module.require (module.js:353:17)","    at require (internal/module.js:12:17)","    at Object.<anonymous> (c:\\Users\\Ale\\WebstormProjects\\NewsProject\\server\\api\\v_1\\index.js:4:11)","    at Module._compile (module.js:409:26)","    at Object.Module._extensions..js (module.js:416:10)","    at Module.load (module.js:343:32)","    at Function.Module._load (module.js:300:12)"],"level":"error","message":"uncaughtException: Cannot find module '../../db/ArticlesModel'","timestamp":"2016-09-05T11:19:07.953Z"}
{"level":"info","message":"DATABASE: Connection success!!","timestamp":"2016-09-05T11:19:19.170Z"}
{"level":"info","message":"Applicaton listen on port 3030","timestamp":"2016-09-05T11:19:19.206Z"}
{"level":"info","message":"DATABASE: Connection success!!","timestamp":"2016-09-05T11:20:02.697Z"}
{"level":"info","message":"Applicaton listen on port 3030","timestamp":"2016-09-05T11:20:02.734Z"}
{"level":"error","message":"DATABASE: Connection failed!!","timestamp":"2016-09-05T11:56:54.456Z"}
{"level":"info","message":"DATABASE: Connection success!!","timestamp":"2016-09-05T12:29:52.552Z"}
{"level":"info","message":"Applicaton listen on port 3030","timestamp":"2016-09-05T12:29:52.587Z"}
{"level":"info","message":"DATABASE: Connection success!!","timestamp":"2016-09-05T12:33:08.323Z"}
{"level":"info","message":"Applicaton listen on port 3030","timestamp":"2016-09-05T12:33:08.354Z"}
{"level":"info","message":"DATABASE: Connection success!!","timestamp":"2016-09-05T12:34:17.829Z"}
{"level":"info","message":"Applicaton listen on port 3030","timestamp":"2016-09-05T12:34:17.865Z"}
{"level":"info","message":"DATABASE: Connection success!!","timestamp":"2016-09-05T12:35:09.916Z"}
{"level":"info","message":"Applicaton listen on port 3030","timestamp":"2016-09-05T12:35:09.945Z"}
{"level":"info","message":"DATABASE: Connection success!!","timestamp":"2016-09-05T12:36:34.317Z"}
{"level":"info","message":"Applicaton listen on port 3030","timestamp":"2016-09-05T12:36:34.348Z"}
{"level":"info","message":"DATABASE: Connection success!!","timestamp":"2016-09-05T12:41:14.987Z"}
{"level":"info","message":"Applicaton listen on port 3030","timestamp":"2016-09-05T12:41:15.021Z"}
{"level":"info","message":"DATABASE: Connection success!!","timestamp":"2016-09-05T12:43:07.192Z"}
{"level":"info","message":"Applicaton listen on port 3030","timestamp":"2016-09-05T12:43:07.226Z"}
{"level":"info","message":"DATABASE: Connection success!!","timestamp":"2016-09-05T12:43:31.654Z"}
{"level":"info","message":"Applicaton listen on port 3030","timestamp":"2016-09-05T12:43:31.682Z"}
{"level":"info","message":"DATABASE: Connection success!!","timestamp":"2016-09-05T12:46:04.979Z"}
{"level":"info","message":"Applicaton listen on port 3030","timestamp":"2016-09-05T12:46:05.010Z"}
{"level":"info","message":"DATABASE: Connection success!!","timestamp":"2016-09-05T13:30:44.171Z"}
{"level":"info","message":"Applicaton listen on port 3030","timestamp":"2016-09-05T13:30:44.199Z"}
{"level":"info","message":"DATABASE: Connection success!!","timestamp":"2016-09-05T13:44:16.971Z"}
{"level":"info","message":"Applicaton listen on port 3030","timestamp":"2016-09-05T13:44:17.007Z"}
{"level":"info","message":"DATABASE: Connection success!!","timestamp":"2016-09-05T14:31:43.494Z"}
{"level":"info","message":"Applicaton listen on port 3030","timestamp":"2016-09-05T14:31:43.532Z"}
{"level":"info","message":"DATABASE: Connection success!!","timestamp":"2016-09-05T14:53:28.768Z"}
{"level":"info","message":"Applicaton listen on port 3030","timestamp":"2016-09-05T14:53:28.829Z"}
{"level":"info","message":"DATABASE: Connection success!!","timestamp":"2016-09-05T15:05:30.428Z"}
{"level":"info","message":"Applicaton listen on port 3030","timestamp":"2016-09-05T15:05:30.462Z"}
{"level":"info","message":"DATABASE: Connection success!!","timestamp":"2016-09-05T15:06:01.897Z"}
{"level":"info","message":"Applicaton listen on port 3030","timestamp":"2016-09-05T15:06:01.939Z"}
{"level":"info","message":"DATABASE: Connection success!!","timestamp":"2016-09-05T16:00:43.742Z"}
{"date":"Mon Sep 05 2016 18:00:43 GMT+0200 (ora legale Europa occidentale)","process":{"pid":2608,"uid":null,"gid":null,"cwd":"c:\\Users\\Ale\\WebstormProjects\\NewsProject\\server","execPath":"C:\\Program Files\\nodejs\\node.exe","version":"v4.4.7","argv":["C:\\Program Files\\nodejs\\node.exe","c:\\Users\\Ale\\WebstormProjects\\NewsProject\\server\\server.js"],"memoryUsage":{"rss":42274816,"heapTotal":33183568,"heapUsed":17339560}},"os":{"loadavg":[0,0,0],"uptime":261572.5025559},"trace":[{"column":13,"file":"c:\\Users\\Ale\\WebstormProjects\\NewsProject\\server\\node_modules\\express\\lib\\router\\index.js","function":"Function.use","line":458,"method":"use","native":false},{"column":8,"file":"c:\\Users\\Ale\\WebstormProjects\\NewsProject\\server\\api\\v_1\\index.js","function":"","line":11,"method":null,"native":false},{"column":26,"file":"module.js","function":"Module._compile","line":409,"method":"_compile","native":false},{"column":10,"file":"module.js","function":"Object.Module._extensions..js","line":416,"method":"Module._extensions..js","native":false},{"column":32,"file":"module.js","function":"Module.load","line":343,"method":"load","native":false},{"column":12,"file":"module.js","function":"Function.Module._load","line":300,"method":"Module._load","native":false},{"column":17,"file":"module.js","function":"Module.require","line":353,"method":"require","native":false},{"column":17,"file":"internal/module.js","function":"require","line":12,"method":null,"native":false},{"column":18,"file":"c:\\Users\\Ale\\WebstormProjects\\NewsProject\\server\\server.js","function":"","line":38,"method":null,"native":false},{"column":16,"file":"events.js","function":"NativeConnection.g","line":260,"method":"g","native":false},{"column":13,"file":"events.js","function":"emitNone","line":67,"method":null,"native":false},{"column":7,"file":"events.js","function":"NativeConnection.emit","line":166,"method":"emit","native":false},{"column":11,"file":"c:\\Users\\Ale\\WebstormProjects\\NewsProject\\server\\node_modules\\mongoose\\lib\\connection.js","function":"open","line":516,"method":null,"native":false},{"column":5,"file":"c:\\Users\\Ale\\WebstormProjects\\NewsProject\\server\\node_modules\\mongoose\\lib\\connection.js","function":"NativeConnection.Connection.onOpen","line":525,"method":"Connection.onOpen","native":false},{"column":11,"file":"c:\\Users\\Ale\\WebstormProjects\\NewsProject\\server\\node_modules\\mongoose\\lib\\connection.js","function":null,"line":485,"method":null,"native":false},{"column":5,"file":"c:\\Users\\Ale\\WebstormProjects\\NewsProject\\server\\node_modules\\mongoose\\lib\\drivers\\node-mongodb-native\\connection.js","function":null,"line":71,"method":null,"native":false}],"stack":["TypeError: Router.use() requires middleware function but got a Object","    at Function.use (c:\\Users\\Ale\\WebstormProjects\\NewsProject\\server\\node_modules\\express\\lib\\router\\index.js:458:13)","    at Object.<anonymous> (c:\\Users\\Ale\\WebstormProjects\\NewsProject\\server\\api\\v_1\\index.js:11:8)","    at Module._compile (module.js:409:26)","    at Object.Module._extensions..js (module.js:416:10)","    at Module.load (module.js:343:32)","    at Function.Module._load (module.js:300:12)","    at Module.require (module.js:353:17)","    at require (internal/module.js:12:17)","    at NativeConnection.<anonymous> (c:\\Users\\Ale\\WebstormProjects\\NewsProject\\server\\server.js:38:18)","    at NativeConnection.g (events.js:260:16)","    at emitNone (events.js:67:13)","    at NativeConnection.emit (events.js:166:7)","    at open (c:\\Users\\Ale\\WebstormProjects\\NewsProject\\server\\node_modules\\mongoose\\lib\\connection.js:516:11)","    at NativeConnection.Connection.onOpen (c:\\Users\\Ale\\WebstormProjects\\NewsProject\\server\\node_modules\\mongoose\\lib\\connection.js:525:5)","    at c:\\Users\\Ale\\WebstormProjects\\NewsProject\\server\\node_modules\\mongoose\\lib\\connection.js:485:11","    at c:\\Users\\Ale\\WebstormProjects\\NewsProject\\server\\node_modules\\mongoose\\lib\\drivers\\node-mongodb-native\\connection.js:71:5"],"level":"error","message":"uncaughtException: Router.use() requires middleware function but got a Object","timestamp":"2016-09-05T16:00:52.085Z"}
{"level":"info","message":"DATABASE: Connection success!!","timestamp":"2016-09-05T16:03:06.875Z"}
{"date":"Mon Sep 05 2016 18:03:06 GMT+0200 (ora legale Europa occidentale)","process":{"pid":2452,"uid":null,"gid":null,"cwd":"c:\\Users\\Ale\\WebstormProjects\\NewsProject\\server","execPath":"C:\\Program Files\\nodejs\\node.exe","version":"v4.4.7","argv":["C:\\Program Files\\nodejs\\node.exe","c:\\Users\\Ale\\WebstormProjects\\NewsProject\\server\\server.js"],"memoryUsage":{"rss":42336256,"heapTotal":33183568,"heapUsed":17332128}},"os":{"loadavg":[0,0,0],"uptime":261707.3402682},"trace":[{"column":13,"file":"c:\\Users\\Ale\\WebstormProjects\\NewsProject\\server\\node_modules\\express\\lib\\router\\index.js","function":"Function.use","line":458,"method":"use","native":false},{"column":8,"file":"c:\\Users\\Ale\\WebstormProjects\\NewsProject\\server\\api\\v_1\\index.js","function":"","line":11,"method":null,"native":false},{"column":26,"file":"module.js","function":"Module._compile","line":409,"method":"_compile","native":false},{"column":10,"file":"module.js","function":"Object.Module._extensions..js","line":416,"method":"Module._extensions..js","native":false},{"column":32,"file":"module.js","function":"Module.load","line":343,"method":"load","native":false},{"column":12,"file":"module.js","function":"Function.Module._load","line":300,"method":"Module._load","native":false},{"column":17,"file":"module.js","function":"Module.require","line":353,"method":"require","native":false},{"column":17,"file":"internal/module.js","function":"require","line":12,"method":null,"native":false},{"column":18,"file":"c:\\Users\\Ale\\WebstormProjects\\NewsProject\\server\\server.js","function":"","line":38,"method":null,"native":false},{"column":16,"file":"events.js","function":"NativeConnection.g","line":260,"method":"g","native":false},{"column":13,"file":"events.js","function":"emitNone","line":67,"method":null,"native":false},{"column":7,"file":"events.js","function":"NativeConnection.emit","line":166,"method":"emit","native":false},{"column":11,"file":"c:\\Users\\Ale\\WebstormProjects\\NewsProject\\server\\node_modules\\mongoose\\lib\\connection.js","function":"open","line":516,"method":null,"native":false},{"column":5,"file":"c:\\Users\\Ale\\WebstormProjects\\NewsProject\\server\\node_modules\\mongoose\\lib\\connection.js","function":"NativeConnection.Connection.onOpen","line":525,"method":"Connection.onOpen","native":false},{"column":11,"file":"c:\\Users\\Ale\\WebstormProjects\\NewsProject\\server\\node_modules\\mongoose\\lib\\connection.js","function":null,"line":485,"method":null,"native":false},{"column":5,"file":"c:\\Users\\Ale\\WebstormProjects\\NewsProject\\server\\node_modules\\mongoose\\lib\\drivers\\node-mongodb-native\\connection.js","function":null,"line":71,"method":null,"native":false}],"stack":["TypeError: Router.use() requires middleware function but got a Object","    at Function.use (c:\\Users\\Ale\\WebstormProjects\\NewsProject\\server\\node_modules\\express\\lib\\router\\index.js:458:13)","    at Object.<anonymous> (c:\\Users\\Ale\\WebstormProjects\\NewsProject\\server\\api\\v_1\\index.js:11:8)","    at Module._compile (module.js:409:26)","    at Object.Module._extensions..js (module.js:416:10)","    at Module.load (module.js:343:32)","    at Function.Module._load (module.js:300:12)","    at Module.require (module.js:353:17)","    at require (internal/module.js:12:17)","    at NativeConnection.<anonymous> (c:\\Users\\Ale\\WebstormProjects\\NewsProject\\server\\server.js:38:18)","    at NativeConnection.g (events.js:260:16)","    at emitNone (events.js:67:13)","    at NativeConnection.emit (events.js:166:7)","    at open (c:\\Users\\Ale\\WebstormProjects\\NewsProject\\server\\node_modules\\mongoose\\lib\\connection.js:516:11)","    at NativeConnection.Connection.onOpen (c:\\Users\\Ale\\WebstormProjects\\NewsProject\\server\\node_modules\\mongoose\\lib\\connection.js:525:5)","    at c:\\Users\\Ale\\WebstormProjects\\NewsProject\\server\\node_modules\\mongoose\\lib\\connection.js:485:11","    at c:\\Users\\Ale\\WebstormProjects\\NewsProject\\server\\node_modules\\mongoose\\lib\\drivers\\node-mongodb-native\\connection.js:71:5"],"level":"error","message":"uncaughtException: Router.use() requires middleware function but got a Object","timestamp":"2016-09-05T16:03:06.923Z"}
{"level":"info","message":"DATABASE: Connection success!!","timestamp":"2016-09-05T16:03:46.543Z"}
{"date":"Mon Sep 05 2016 18:03:46 GMT+0200 (ora legale Europa occidentale)","process":{"pid":9100,"uid":null,"gid":null,"cwd":"c:\\Users\\Ale\\WebstormProjects\\NewsProject\\server","execPath":"C:\\Program Files\\nodejs\\node.exe","version":"v4.4.7","argv":["C:\\Program Files\\nodejs\\node.exe","c:\\Users\\Ale\\WebstormProjects\\NewsProject\\server\\server.js"],"memoryUsage":{"rss":42004480,"heapTotal":32151632,"heapUsed":17321864}},"os":{"loadavg":[0,0,0],"uptime":261747.0055369},"trace":[{"column":13,"file":"c:\\Users\\Ale\\WebstormProjects\\NewsProject\\server\\node_modules\\express\\lib\\router\\index.js","function":"Function.use","line":458,"method":"use","native":false},{"column":8,"file":"c:\\Users\\Ale\\WebstormProjects\\NewsProject\\server\\api\\v_1\\index.js","function":"","line":11,"method":null,"native":false},{"column":26,"file":"module.js","function":"Module._compile","line":409,"method":"_compile","native":false},{"column":10,"file":"module.js","function":"Object.Module._extensions..js","line":416,"method":"Module._extensions..js","native":false},{"column":32,"file":"module.js","function":"Module.load","line":343,"method":"load","native":false},{"column":12,"file":"module.js","function":"Function.Module._load","line":300,"method":"Module._load","native":false},{"column":17,"file":"module.js","function":"Module.require","line":353,"method":"require","native":false},{"column":17,"file":"internal/module.js","function":"require","line":12,"method":null,"native":false},{"column":18,"file":"c:\\Users\\Ale\\WebstormProjects\\NewsProject\\server\\server.js","function":"","line":38,"method":null,"native":false},{"column":16,"file":"events.js","function":"NativeConnection.g","line":260,"method":"g","native":false},{"column":13,"file":"events.js","function":"emitNone","line":67,"method":null,"native":false},{"column":7,"file":"events.js","function":"NativeConnection.emit","line":166,"method":"emit","native":false},{"column":11,"file":"c:\\Users\\Ale\\WebstormProjects\\NewsProject\\server\\node_modules\\mongoose\\lib\\connection.js","function":"open","line":516,"method":null,"native":false},{"column":5,"file":"c:\\Users\\Ale\\WebstormProjects\\NewsProject\\server\\node_modules\\mongoose\\lib\\connection.js","function":"NativeConnection.Connection.onOpen","line":525,"method":"Connection.onOpen","native":false},{"column":11,"file":"c:\\Users\\Ale\\WebstormProjects\\NewsProject\\server\\node_modules\\mongoose\\lib\\connection.js","function":null,"line":485,"method":null,"native":false},{"column":5,"file":"c:\\Users\\Ale\\WebstormProjects\\NewsProject\\server\\node_modules\\mongoose\\lib\\drivers\\node-mongodb-native\\connection.js","function":null,"line":71,"method":null,"native":false}],"stack":["TypeError: Router.use() requires middleware function but got a Object","    at Function.use (c:\\Users\\Ale\\WebstormProjects\\NewsProject\\server\\node_modules\\express\\lib\\router\\index.js:458:13)","    at Object.<anonymous> (c:\\Users\\Ale\\WebstormProjects\\NewsProject\\server\\api\\v_1\\index.js:11:8)","    at Module._compile (module.js:409:26)","    at Object.Module._extensions..js (module.js:416:10)","    at Module.load (module.js:343:32)","    at Function.Module._load (module.js:300:12)","    at Module.require (module.js:353:17)","    at require (internal/module.js:12:17)","    at NativeConnection.<anonymous> (c:\\Users\\Ale\\WebstormProjects\\NewsProject\\server\\server.js:38:18)","    at NativeConnection.g (events.js:260:16)","    at emitNone (events.js:67:13)","    at NativeConnection.emit (events.js:166:7)","    at open (c:\\Users\\Ale\\WebstormProjects\\NewsProject\\server\\node_modules\\mongoose\\lib\\connection.js:516:11)","    at NativeConnection.Connection.onOpen (c:\\Users\\Ale\\WebstormProjects\\NewsProject\\server\\node_modules\\mongoose\\lib\\connection.js:525:5)","    at c:\\Users\\Ale\\WebstormProjects\\NewsProject\\server\\node_modules\\mongoose\\lib\\connection.js:485:11","    at c:\\Users\\Ale\\WebstormProjects\\NewsProject\\server\\node_modules\\mongoose\\lib\\drivers\\node-mongodb-native\\connection.js:71:5"],"level":"error","message":"uncaughtException: Router.use() requires middleware function but got a Object","timestamp":"2016-09-05T16:03:46.593Z"}
{"level":"info","message":"DATABASE: Connection success!!","timestamp":"2016-09-05T16:04:46.569Z"}
{"level":"info","message":"Applicaton listen on port 3030","timestamp":"2016-09-05T16:04:46.606Z"}
{"level":"info","message":"DATABASE: Connection success!!","timestamp":"2016-09-05T16:22:15.709Z"}
{"level":"info","message":"Applicaton listen on port 3030","timestamp":"2016-09-05T16:22:15.745Z"}
{"level":"info","message":"DATABASE: Connection success!!","timestamp":"2016-09-05T16:28:56.707Z"}
{"level":"info","message":"Applicaton listen on port 3030","timestamp":"2016-09-05T16:28:56.749Z"}
{"level":"info","message":"DATABASE: Connection success!!","timestamp":"2016-09-05T16:38:27.458Z"}
{"level":"info","message":"Applicaton listen on port 3030","timestamp":"2016-09-05T16:38:27.495Z"}
{"level":"info","message":"DATABASE: Connection success!!","timestamp":"2016-09-05T16:49:51.963Z"}
{"level":"info","message":"Applicaton listen on port 3030","timestamp":"2016-09-05T16:49:51.999Z"}
{"level":"info","message":"DATABASE: Connection success!!","timestamp":"2016-09-05T16:51:50.086Z"}
{"level":"info","message":"Applicaton listen on port 3030","timestamp":"2016-09-05T16:51:50.119Z"}
{"level":"info","message":"DATABASE: Connection success!!","timestamp":"2016-09-05T16:52:08.332Z"}
{"level":"info","message":"Applicaton listen on port 3030","timestamp":"2016-09-05T16:52:08.371Z"}
{"level":"info","message":"DATABASE: Connection success!!","timestamp":"2016-09-05T16:55:45.626Z"}
{"level":"info","message":"Applicaton listen on port 3030","timestamp":"2016-09-05T16:55:45.661Z"}
{"level":"info","message":"DATABASE: Connection success!!","timestamp":"2016-09-05T16:57:04.422Z"}
{"level":"info","message":"Applicaton listen on port 3030","timestamp":"2016-09-05T16:57:04.459Z"}
{"level":"info","message":"DATABASE: Connection success!!","timestamp":"2016-09-05T16:57:43.230Z"}
{"level":"info","message":"Applicaton listen on port 3030","timestamp":"2016-09-05T16:57:43.269Z"}
{"level":"info","message":"DATABASE: Connection success!!","timestamp":"2016-09-05T17:03:39.123Z"}
{"level":"info","message":"Applicaton listen on port 3030","timestamp":"2016-09-05T17:03:39.161Z"}
{"level":"info","message":"DATABASE: Connection success!!","timestamp":"2016-09-05T17:06:20.722Z"}
{"level":"info","message":"Applicaton listen on port 3030","timestamp":"2016-09-05T17:06:20.763Z"}
{"level":"info","message":"DATABASE: Connection success!!","timestamp":"2016-09-05T17:06:52.258Z"}
{"level":"info","message":"Applicaton listen on port 3030","timestamp":"2016-09-05T17:06:52.293Z"}
{"level":"info","message":"DATABASE: Connection success!!","timestamp":"2016-09-05T17:09:54.272Z"}
{"level":"info","message":"Applicaton listen on port 3030","timestamp":"2016-09-05T17:09:54.303Z"}
{"level":"info","message":"DATABASE: Connection success!!","timestamp":"2016-09-05T17:13:03.323Z"}
{"level":"info","message":"Applicaton listen on port 3030","timestamp":"2016-09-05T17:13:03.363Z"}
{"level":"info","message":"DATABASE: Connection success!!","timestamp":"2016-09-05T17:19:24.048Z"}
{"level":"info","message":"Applicaton listen on port 3030","timestamp":"2016-09-05T17:19:24.086Z"}
{"date":"Mon Sep 05 2016 19:26:23 GMT+0200 (ora legale Europa occidentale)","process":{"pid":5976,"uid":null,"gid":null,"cwd":"c:\\Users\\Ale\\WebstormProjects\\NewsProject\\server","execPath":"C:\\Program Files\\nodejs\\node.exe","version":"v4.4.7","argv":["C:\\Program Files\\nodejs\\node.exe","c:\\Users\\Ale\\WebstormProjects\\NewsProject\\server\\server.js"],"memoryUsage":{"rss":37183488,"heapTotal":21836880,"heapUsed":20365784}},"os":{"loadavg":[0,0,0],"uptime":266704.0710649},"trace":[{"column":16,"file":"c:\\Users\\Ale\\WebstormProjects\\NewsProject\\server\\api\\v_1\\routes\\api.articles.js","function":null,"line":71,"method":null,"native":false},{"column":16,"file":"c:\\Users\\Ale\\WebstormProjects\\NewsProject\\server\\node_modules\\mongoose\\lib\\model.js","function":null,"line":3327,"method":null,"native":false},{"column":9,"file":"node.js","function":"nextTickCallbackWith0Args","line":420,"method":null,"native":false},{"column":13,"file":"node.js","function":"process._tickCallback","line":349,"method":"_tickCallback","native":false}],"stack":["TypeError: Cannot read property 'send' of undefined","    at c:\\Users\\Ale\\WebstormProjects\\NewsProject\\server\\api\\v_1\\routes\\api.articles.js:71:16","    at c:\\Users\\Ale\\WebstormProjects\\NewsProject\\server\\node_modules\\mongoose\\lib\\model.js:3327:16","    at nextTickCallbackWith0Args (node.js:420:9)","    at process._tickCallback (node.js:349:13)"],"level":"error","message":"uncaughtException: Cannot read property 'send' of undefined","timestamp":"2016-09-05T17:26:23.658Z"}
{"date":"Mon Sep 05 2016 19:27:04 GMT+0200 (ora legale Europa occidentale)","process":{"pid":5976,"uid":null,"gid":null,"cwd":"c:\\Users\\Ale\\WebstormProjects\\NewsProject\\server","execPath":"C:\\Program Files\\nodejs\\node.exe","version":"v4.4.7","argv":["C:\\Program Files\\nodejs\\node.exe","c:\\Users\\Ale\\WebstormProjects\\NewsProject\\server\\server.js"],"memoryUsage":{"rss":38309888,"heapTotal":22868816,"heapUsed":21077000}},"os":{"loadavg":[0,0,0],"uptime":266744.9354022},"trace":[{"column":13,"file":"c:\\Users\\Ale\\WebstormProjects\\NewsProject\\server\\api\\v_1\\routes\\api.articles.js","function":null,"line":73,"method":null,"native":false},{"column":16,"file":"c:\\Users\\Ale\\WebstormProjects\\NewsProject\\server\\node_modules\\mongoose\\lib\\model.js","function":"","line":3327,"method":null,"native":false},{"column":16,"file":"c:\\Users\\Ale\\WebstormProjects\\NewsProject\\server\\node_modules\\mquery\\lib\\utils.js","function":"Immediate._onImmediate","line":137,"method":"_onImmediate","native":false},{"column":17,"file":"timers.js","function":"processImmediate [as _immediateCallback]","line":383,"method":null,"native":false}],"stack":["TypeError: res.json is not a function","    at c:\\Users\\Ale\\WebstormProjects\\NewsProject\\server\\api\\v_1\\routes\\api.articles.js:73:13","    at Immediate.<anonymous> (c:\\Users\\Ale\\WebstormProjects\\NewsProject\\server\\node_modules\\mongoose\\lib\\model.js:3327:16)","    at Immediate._onImmediate (c:\\Users\\Ale\\WebstormProjects\\NewsProject\\server\\node_modules\\mquery\\lib\\utils.js:137:16)","    at processImmediate [as _immediateCallback] (timers.js:383:17)"],"level":"error","message":"uncaughtException: res.json is not a function","timestamp":"2016-09-05T17:27:04.517Z"}
{"level":"info","message":"DATABASE: Connection success!!","timestamp":"2016-09-05T17:28:08.864Z"}
{"level":"info","message":"Applicaton listen on port 3030","timestamp":"2016-09-05T17:28:08.903Z"}
{"date":"Mon Sep 05 2016 19:28:26 GMT+0200 (ora legale Europa occidentale)","process":{"pid":2520,"uid":null,"gid":null,"cwd":"c:\\Users\\Ale\\WebstormProjects\\NewsProject\\server","execPath":"C:\\Program Files\\nodejs\\node.exe","version":"v4.4.7","argv":["C:\\Program Files\\nodejs\\node.exe","c:\\Users\\Ale\\WebstormProjects\\NewsProject\\server\\server.js"],"memoryUsage":{"rss":47587328,"heapTotal":34203472,"heapUsed":22957976}},"os":{"loadavg":[0,0,0],"uptime":266827.2201086},"trace":[{"column":13,"file":"c:\\Users\\Ale\\WebstormProjects\\NewsProject\\server\\api\\v_1\\routes\\api.articles.js","function":null,"line":73,"method":null,"native":false},{"column":16,"file":"c:\\Users\\Ale\\WebstormProjects\\NewsProject\\server\\node_modules\\mongoose\\lib\\model.js","function":"","line":3327,"method":null,"native":false},{"column":16,"file":"c:\\Users\\Ale\\WebstormProjects\\NewsProject\\server\\node_modules\\mquery\\lib\\utils.js","function":"Immediate._onImmediate","line":137,"method":"_onImmediate","native":false},{"column":17,"file":"timers.js","function":"processImmediate [as _immediateCallback]","line":383,"method":null,"native":false}],"stack":["TypeError: res.json is not a function","    at c:\\Users\\Ale\\WebstormProjects\\NewsProject\\server\\api\\v_1\\routes\\api.articles.js:73:13","    at Immediate.<anonymous> (c:\\Users\\Ale\\WebstormProjects\\NewsProject\\server\\node_modules\\mongoose\\lib\\model.js:3327:16)","    at Immediate._onImmediate (c:\\Users\\Ale\\WebstormProjects\\NewsProject\\server\\node_modules\\mquery\\lib\\utils.js:137:16)","    at processImmediate [as _immediateCallback] (timers.js:383:17)"],"level":"error","message":"uncaughtException: res.json is not a function","timestamp":"2016-09-05T17:28:26.803Z"}
{"level":"info","message":"DATABASE: Connection success!!","timestamp":"2016-09-05T17:29:19.183Z"}
{"level":"info","message":"Applicaton listen on port 3030","timestamp":"2016-09-05T17:29:19.215Z"}
{"level":"info","message":"DATABASE: Connection success!!","timestamp":"2016-09-05T17:31:58.448Z"}
{"level":"info","message":"Applicaton listen on port 3030","timestamp":"2016-09-05T17:31:58.487Z"}
{"level":"info","message":"DATABASE: Connection success!!","timestamp":"2016-09-06T07:15:24.304Z"}
{"level":"info","message":"Applicaton listen on port 3030","timestamp":"2016-09-06T07:15:24.353Z"}
{"level":"info","message":"DATABASE: Connection success!!","timestamp":"2016-09-06T08:33:02.886Z"}
{"level":"info","message":"Applicaton listen on port 3030","timestamp":"2016-09-06T08:33:02.936Z"}
{"level":"info","message":"DATABASE: Connection success!!","timestamp":"2016-09-06T08:35:31.787Z"}
{"level":"info","message":"Applicaton listen on port 3030","timestamp":"2016-09-06T08:35:31.825Z"}
{"level":"info","message":"DATABASE: Connection success!!","timestamp":"2016-09-06T08:35:39.090Z"}
{"level":"info","message":"Applicaton listen on port 3030","timestamp":"2016-09-06T08:35:39.134Z"}
{"level":"info","message":"DATABASE: Connection success!!","timestamp":"2016-09-06T08:43:54.450Z"}
{"level":"info","message":"Applicaton listen on port 3030","timestamp":"2016-09-06T08:43:54.498Z"}
{"level":"info","message":"DATABASE: Connection success!!","timestamp":"2016-09-06T14:11:05.015Z"}
{"level":"info","message":"Applicaton listen on port 3030","timestamp":"2016-09-06T14:11:05.080Z"}
{"level":"info","message":"DATABASE: Connection success!!","timestamp":"2016-09-06T14:13:01.683Z"}
{"level":"info","message":"Applicaton listen on port 3030","timestamp":"2016-09-06T14:13:01.730Z"}
{"level":"info","message":"DATABASE: Connection success!!","timestamp":"2016-09-06T14:14:38.084Z"}
{"level":"info","message":"Applicaton listen on port 3030","timestamp":"2016-09-06T14:14:38.129Z"}
{"level":"info","message":"DATABASE: Connection success!!","timestamp":"2016-09-06T15:31:38.814Z"}
{"level":"info","message":"Applicaton listen on port 3030","timestamp":"2016-09-06T15:31:38.863Z"}
{"level":"error","message":"DATABASE: Connection failed!!","timestamp":"2016-09-06T17:18:37.232Z"}
{"level":"info","message":"DATABASE: Connection success!","timestamp":"2016-09-06T17:48:44.882Z"}
{"level":"info","message":"Applicaton listen on port 3030","timestamp":"2016-09-06T17:48:44.937Z"}
{"level":"info","message":"DATABASE: Connection success!","timestamp":"2016-09-06T18:33:48.089Z"}
{"level":"info","message":"Applicaton listen on port 3030","timestamp":"2016-09-06T18:33:48.122Z"}
{"level":"info","message":"DATABASE: Connection success!","timestamp":"2016-09-06T18:36:52.759Z"}
{"level":"info","message":"Applicaton listen on port 3030","timestamp":"2016-09-06T18:36:52.796Z"}
{"date":"Tue Sep 06 2016 20:48:26 GMT+0200 (ora legale Europa occidentale)","process":{"pid":9520,"uid":null,"gid":null,"cwd":"c:\\Users\\Ale\\WebstormProjects\\NewsProject\\server","execPath":"C:\\Program Files\\nodejs\\node.exe","version":"v4.4.7","argv":["C:\\Program Files\\nodejs\\node.exe","c:\\Users\\Ale\\WebstormProjects\\NewsProject\\server\\server.js"],"memoryUsage":{"rss":57155584,"heapTotal":31076176,"heapUsed":26681160}},"os":{"loadavg":[0,0,0],"uptime":42066.9281068},"trace":[{"column":53,"file":"c:\\Users\\Ale\\WebstormProjects\\NewsProject\\server\\api\\v_1\\routes\\api.articles.js","function":null,"line":92,"method":null,"native":false},{"column":16,"file":"c:\\Users\\Ale\\WebstormProjects\\NewsProject\\server\\node_modules\\mongoose\\lib\\model.js","function":"Model.$wrapCallback","line":3327,"method":"$wrapCallback","native":false},{"column":48,"file":"c:\\Users\\Ale\\WebstormProjects\\NewsProject\\server\\node_modules\\kareem\\index.js","function":null,"line":207,"method":null,"native":false},{"column":16,"file":"c:\\Users\\Ale\\WebstormProjects\\NewsProject\\server\\node_modules\\kareem\\index.js","function":null,"line":127,"method":null,"native":false},{"column":9,"file":"node.js","function":"nextTickCallbackWith0Args","line":420,"method":null,"native":false},{"column":13,"file":"node.js","function":"process._tickCallback","line":349,"method":"_tickCallback","native":false}],"stack":["TypeError: Cannot read property 'result' of undefined","    at c:\\Users\\Ale\\WebstormProjects\\NewsProject\\server\\api\\v_1\\routes\\api.articles.js:92:53","    at Model.$wrapCallback (c:\\Users\\Ale\\WebstormProjects\\NewsProject\\server\\node_modules\\mongoose\\lib\\model.js:3327:16)","    at c:\\Users\\Ale\\WebstormProjects\\NewsProject\\server\\node_modules\\kareem\\index.js:207:48","    at c:\\Users\\Ale\\WebstormProjects\\NewsProject\\server\\node_modules\\kareem\\index.js:127:16","    at nextTickCallbackWith0Args (node.js:420:9)","    at process._tickCallback (node.js:349:13)"],"level":"error","message":"uncaughtException: Cannot read property 'result' of undefined","timestamp":"2016-09-06T18:48:26.306Z"}
{"date":"Tue Sep 06 2016 20:48:57 GMT+0200 (ora legale Europa occidentale)","process":{"pid":9520,"uid":null,"gid":null,"cwd":"c:\\Users\\Ale\\WebstormProjects\\NewsProject\\server","execPath":"C:\\Program Files\\nodejs\\node.exe","version":"v4.4.7","argv":["C:\\Program Files\\nodejs\\node.exe","c:\\Users\\Ale\\WebstormProjects\\NewsProject\\server\\server.js"],"memoryUsage":{"rss":57995264,"heapTotal":31076176,"heapUsed":27727440}},"os":{"loadavg":[0,0,0],"uptime":42097.75487},"trace":[{"column":53,"file":"c:\\Users\\Ale\\WebstormProjects\\NewsProject\\server\\api\\v_1\\routes\\api.articles.js","function":null,"line":92,"method":null,"native":false},{"column":16,"file":"c:\\Users\\Ale\\WebstormProjects\\NewsProject\\server\\node_modules\\mongoose\\lib\\model.js","function":"Model.$wrapCallback","line":3327,"method":"$wrapCallback","native":false},{"column":48,"file":"c:\\Users\\Ale\\WebstormProjects\\NewsProject\\server\\node_modules\\kareem\\index.js","function":null,"line":207,"method":null,"native":false},{"column":16,"file":"c:\\Users\\Ale\\WebstormProjects\\NewsProject\\server\\node_modules\\kareem\\index.js","function":null,"line":127,"method":null,"native":false},{"column":9,"file":"node.js","function":"nextTickCallbackWith0Args","line":420,"method":null,"native":false},{"column":13,"file":"node.js","function":"process._tickCallback","line":349,"method":"_tickCallback","native":false}],"stack":["TypeError: Cannot read property 'result' of undefined","    at c:\\Users\\Ale\\WebstormProjects\\NewsProject\\server\\api\\v_1\\routes\\api.articles.js:92:53","    at Model.$wrapCallback (c:\\Users\\Ale\\WebstormProjects\\NewsProject\\server\\node_modules\\mongoose\\lib\\model.js:3327:16)","    at c:\\Users\\Ale\\WebstormProjects\\NewsProject\\server\\node_modules\\kareem\\index.js:207:48","    at c:\\Users\\Ale\\WebstormProjects\\NewsProject\\server\\node_modules\\kareem\\index.js:127:16","    at nextTickCallbackWith0Args (node.js:420:9)","    at process._tickCallback (node.js:349:13)"],"level":"error","message":"uncaughtException: Cannot read property 'result' of undefined","timestamp":"2016-09-06T18:48:57.133Z"}
{"level":"info","message":"DATABASE: Connection success!","timestamp":"2016-09-06T18:50:12.441Z"}
{"level":"info","message":"Applicaton listen on port 3030","timestamp":"2016-09-06T18:50:12.478Z"}
{"level":"info","message":"DATABASE: Connection success!","timestamp":"2016-09-06T18:52:21.398Z"}
{"level":"info","message":"Applicaton listen on port 3030","timestamp":"2016-09-06T18:52:21.437Z"}
{"level":"info","message":"DATABASE: Connection success!","timestamp":"2016-09-06T18:53:41.090Z"}
{"level":"info","message":"Applicaton listen on port 3030","timestamp":"2016-09-06T18:53:41.122Z"}
{"level":"info","message":"DATABASE: Connection success!","timestamp":"2016-09-06T18:57:42.945Z"}
{"level":"info","message":"Applicaton listen on port 3030","timestamp":"2016-09-06T18:57:42.985Z"}
{"level":"info","message":"DATABASE: Connection success!","timestamp":"2016-09-06T19:00:22.415Z"}
{"level":"info","message":"Applicaton listen on port 3030","timestamp":"2016-09-06T19:00:22.450Z"}
{"date":"Tue Sep 06 2016 21:00:42 GMT+0200 (ora legale Europa occidentale)","process":{"pid":7252,"uid":null,"gid":null,"cwd":"c:\\Users\\Ale\\WebstormProjects\\NewsProject\\server","execPath":"C:\\Program Files\\nodejs\\node.exe","version":"v4.4.7","argv":["C:\\Program Files\\nodejs\\node.exe","c:\\Users\\Ale\\WebstormProjects\\NewsProject\\server\\server.js"],"memoryUsage":{"rss":72519680,"heapTotal":47546448,"heapUsed":29860360}},"os":{"loadavg":[0,0,0],"uptime":42803.2474718},"trace":[{"column":13,"file":"c:\\Users\\Ale\\WebstormProjects\\NewsProject\\server\\api\\v_1\\routes\\api.articles.js","function":null,"line":89,"method":null,"native":false},{"column":16,"file":"c:\\Users\\Ale\\WebstormProjects\\NewsProject\\server\\node_modules\\mongoose\\lib\\model.js","function":"Query.Model.$wrapCallback","line":3327,"method":"Model.$wrapCallback","native":false},{"column":21,"file":"c:\\Users\\Ale\\WebstormProjects\\NewsProject\\server\\node_modules\\kareem\\index.js","function":null,"line":259,"method":null,"native":false},{"column":16,"file":"c:\\Users\\Ale\\WebstormProjects\\NewsProject\\server\\node_modules\\kareem\\index.js","function":null,"line":127,"method":null,"native":false},{"column":9,"file":"node.js","function":"nextTickCallbackWith0Args","line":420,"method":null,"native":false},{"column":13,"file":"node.js","function":"process._tickCallback","line":349,"method":"_tickCallback","native":false}],"stack":["TypeError: doc.save is not a function","    at c:\\Users\\Ale\\WebstormProjects\\NewsProject\\server\\api\\v_1\\routes\\api.articles.js:89:13","    at Query.Model.$wrapCallback (c:\\Users\\Ale\\WebstormProjects\\NewsProject\\server\\node_modules\\mongoose\\lib\\model.js:3327:16)","    at c:\\Users\\Ale\\WebstormProjects\\NewsProject\\server\\node_modules\\kareem\\index.js:259:21","    at c:\\Users\\Ale\\WebstormProjects\\NewsProject\\server\\node_modules\\kareem\\index.js:127:16","    at nextTickCallbackWith0Args (node.js:420:9)","    at process._tickCallback (node.js:349:13)"],"level":"error","message":"uncaughtException: doc.save is not a function","timestamp":"2016-09-06T19:00:42.625Z"}
{"date":"Tue Sep 06 2016 21:02:41 GMT+0200 (ora legale Europa occidentale)","process":{"pid":7252,"uid":null,"gid":null,"cwd":"c:\\Users\\Ale\\WebstormProjects\\NewsProject\\server","execPath":"C:\\Program Files\\nodejs\\node.exe","version":"v4.4.7","argv":["C:\\Program Files\\nodejs\\node.exe","c:\\Users\\Ale\\WebstormProjects\\NewsProject\\server\\server.js"],"memoryUsage":{"rss":60170240,"heapTotal":34147920,"heapUsed":29446728}},"os":{"loadavg":[0,0,0],"uptime":42922.3472839},"trace":[{"column":13,"file":"c:\\Users\\Ale\\WebstormProjects\\NewsProject\\server\\api\\v_1\\routes\\api.articles.js","function":null,"line":89,"method":null,"native":false},{"column":16,"file":"c:\\Users\\Ale\\WebstormProjects\\NewsProject\\server\\node_modules\\mongoose\\lib\\model.js","function":"Query.Model.$wrapCallback","line":3327,"method":"Model.$wrapCallback","native":false},{"column":21,"file":"c:\\Users\\Ale\\WebstormProjects\\NewsProject\\server\\node_modules\\kareem\\index.js","function":null,"line":259,"method":null,"native":false},{"column":16,"file":"c:\\Users\\Ale\\WebstormProjects\\NewsProject\\server\\node_modules\\kareem\\index.js","function":null,"line":127,"method":null,"native":false},{"column":9,"file":"node.js","function":"nextTickCallbackWith0Args","line":420,"method":null,"native":false},{"column":13,"file":"node.js","function":"process._tickCallback","line":349,"method":"_tickCallback","native":false}],"stack":["TypeError: doc.save is not a function","    at c:\\Users\\Ale\\WebstormProjects\\NewsProject\\server\\api\\v_1\\routes\\api.articles.js:89:13","    at Query.Model.$wrapCallback (c:\\Users\\Ale\\WebstormProjects\\NewsProject\\server\\node_modules\\mongoose\\lib\\model.js:3327:16)","    at c:\\Users\\Ale\\WebstormProjects\\NewsProject\\server\\node_modules\\kareem\\index.js:259:21","    at c:\\Users\\Ale\\WebstormProjects\\NewsProject\\server\\node_modules\\kareem\\index.js:127:16","    at nextTickCallbackWith0Args (node.js:420:9)","    at process._tickCallback (node.js:349:13)"],"level":"error","message":"uncaughtException: doc.save is not a function","timestamp":"2016-09-06T19:02:41.725Z"}
{"level":"info","message":"DATABASE: Connection success!","timestamp":"2016-09-06T19:06:02.951Z"}
{"level":"info","message":"Applicaton listen on port 3030","timestamp":"2016-09-06T19:06:02.983Z"}
{"level":"info","message":"DATABASE: Connection success!","timestamp":"2016-09-06T19:09:11.056Z"}
{"level":"info","message":"Applicaton listen on port 3030","timestamp":"2016-09-06T19:09:11.093Z"}
{"level":"info","message":"DATABASE: Connection success!","timestamp":"2016-09-06T19:18:27.827Z"}
{"level":"info","message":"Applicaton listen on port 3030","timestamp":"2016-09-06T19:18:27.860Z"}
{"level":"info","message":"DATABASE: Connection success!","timestamp":"2016-09-06T20:06:25.794Z"}
{"level":"info","message":"Applicaton listen on port 3030","timestamp":"2016-09-06T20:06:25.827Z"}
{"date":"Tue Sep 06 2016 22:06:55 GMT+0200 (ora legale Europa occidentale)","process":{"pid":1108,"uid":null,"gid":null,"cwd":"c:\\Users\\Ale\\WebstormProjects\\NewsProject\\server","execPath":"C:\\Program Files\\nodejs\\node.exe","version":"v4.4.7","argv":["C:\\Program Files\\nodejs\\node.exe","c:\\Users\\Ale\\WebstormProjects\\NewsProject\\server\\server.js"],"memoryUsage":{"rss":63553536,"heapTotal":35213136,"heapUsed":31646576}},"os":{"loadavg":[0,0,0],"uptime":46776.1257074},"trace":[{"column":46,"file":"c:\\Users\\Ale\\WebstormProjects\\NewsProject\\server\\api\\v_1\\routes\\api.articles.js","function":null,"line":102,"method":null,"native":false},{"column":16,"file":"c:\\Users\\Ale\\WebstormProjects\\NewsProject\\server\\node_modules\\mongoose\\lib\\model.js","function":"Query.Model.$wrapCallback","line":3327,"method":"Model.$wrapCallback","native":false},{"column":21,"file":"c:\\Users\\Ale\\WebstormProjects\\NewsProject\\server\\node_modules\\kareem\\index.js","function":null,"line":259,"method":null,"native":false},{"column":16,"file":"c:\\Users\\Ale\\WebstormProjects\\NewsProject\\server\\node_modules\\kareem\\index.js","function":null,"line":127,"method":null,"native":false},{"column":9,"file":"node.js","function":"nextTickCallbackWith0Args","line":420,"method":null,"native":false},{"column":13,"file":"node.js","function":"process._tickCallback","line":349,"method":"_tickCallback","native":false}],"stack":["ReferenceError: id is not defined","    at c:\\Users\\Ale\\WebstormProjects\\NewsProject\\server\\api\\v_1\\routes\\api.articles.js:102:46","    at Query.Model.$wrapCallback (c:\\Users\\Ale\\WebstormProjects\\NewsProject\\server\\node_modules\\mongoose\\lib\\model.js:3327:16)","    at c:\\Users\\Ale\\WebstormProjects\\NewsProject\\server\\node_modules\\kareem\\index.js:259:21","    at c:\\Users\\Ale\\WebstormProjects\\NewsProject\\server\\node_modules\\kareem\\index.js:127:16","    at nextTickCallbackWith0Args (node.js:420:9)","    at process._tickCallback (node.js:349:13)"],"level":"error","message":"uncaughtException: id is not defined","timestamp":"2016-09-06T20:06:55.504Z"}
{"level":"info","message":"DATABASE: Connection success!","timestamp":"2016-09-06T20:08:14.462Z"}
{"level":"info","message":"Applicaton listen on port 3030","timestamp":"2016-09-06T20:08:14.502Z"}
{"level":"info","message":"DATABASE: Connection success!","timestamp":"2016-09-06T20:13:24.570Z"}
{"level":"info","message":"Applicaton listen on port 3030","timestamp":"2016-09-06T20:13:24.604Z"}
{"date":"Tue Sep 06 2016 22:13:24 GMT+0200 (ora legale Europa occidentale)","process":{"pid":4072,"uid":null,"gid":null,"cwd":"c:\\Users\\Ale\\WebstormProjects\\NewsProject\\server","execPath":"C:\\Program Files\\nodejs\\node.exe","version":"v4.4.7","argv":["C:\\Program Files\\nodejs\\node.exe","c:\\Users\\Ale\\WebstormProjects\\NewsProject\\server\\server.js"],"memoryUsage":{"rss":44711936,"heapTotal":34203472,"heapUsed":19922584}},"os":{"loadavg":[0,0,0],"uptime":47165.6119848},"trace":[{"column":13,"file":"c:\\Users\\Ale\\WebstormProjects\\NewsProject\\server\\api\\v_1\\routes\\api.articles.js","function":null,"line":90,"method":null,"native":false},{"column":16,"file":"c:\\Users\\Ale\\WebstormProjects\\NewsProject\\server\\node_modules\\mongoose\\lib\\model.js","function":"","line":3327,"method":null,"native":false},{"column":21,"file":"c:\\Users\\Ale\\WebstormProjects\\NewsProject\\server\\node_modules\\kareem\\index.js","function":null,"line":259,"method":null,"native":false},{"column":16,"file":"c:\\Users\\Ale\\WebstormProjects\\NewsProject\\server\\node_modules\\kareem\\index.js","function":null,"line":127,"method":null,"native":false},{"column":9,"file":"node.js","function":"nextTickCallbackWith0Args","line":420,"method":null,"native":false},{"column":13,"file":"node.js","function":"process._tickCallback","line":349,"method":"_tickCallback","native":false}],"stack":["TypeError: doc.save is not a function","    at c:\\Users\\Ale\\WebstormProjects\\NewsProject\\server\\api\\v_1\\routes\\api.articles.js:90:13","    at Query.<anonymous> (c:\\Users\\Ale\\WebstormProjects\\NewsProject\\server\\node_modules\\mongoose\\lib\\model.js:3327:16)","    at c:\\Users\\Ale\\WebstormProjects\\NewsProject\\server\\node_modules\\kareem\\index.js:259:21","    at c:\\Users\\Ale\\WebstormProjects\\NewsProject\\server\\node_modules\\kareem\\index.js:127:16","    at nextTickCallbackWith0Args (node.js:420:9)","    at process._tickCallback (node.js:349:13)"],"level":"error","message":"uncaughtException: doc.save is not a function","timestamp":"2016-09-06T20:13:24.991Z"}
{"level":"info","message":"DATABASE: Connection success!","timestamp":"2016-09-06T20:13:49.860Z"}
{"level":"info","message":"Applicaton listen on port 3030","timestamp":"2016-09-06T20:13:49.898Z"}
{"date":"Tue Sep 06 2016 22:14:21 GMT+0200 (ora legale Europa occidentale)","process":{"pid":3572,"uid":null,"gid":null,"cwd":"c:\\Users\\Ale\\WebstormProjects\\NewsProject\\server","execPath":"C:\\Program Files\\nodejs\\node.exe","version":"v4.4.7","argv":["C:\\Program Files\\nodejs\\node.exe","c:\\Users\\Ale\\WebstormProjects\\NewsProject\\server\\server.js"],"memoryUsage":{"rss":62869504,"heapTotal":35213136,"heapUsed":31686368}},"os":{"loadavg":[0,0,0],"uptime":47221.9592077},"trace":[{"column":13,"file":"c:\\Users\\Ale\\WebstormProjects\\NewsProject\\server\\api\\v_1\\routes\\api.articles.js","function":null,"line":90,"method":null,"native":false},{"column":16,"file":"c:\\Users\\Ale\\WebstormProjects\\NewsProject\\server\\node_modules\\mongoose\\lib\\model.js","function":"Query.Model.$wrapCallback","line":3327,"method":"Model.$wrapCallback","native":false},{"column":21,"file":"c:\\Users\\Ale\\WebstormProjects\\NewsProject\\server\\node_modules\\kareem\\index.js","function":null,"line":259,"method":null,"native":false},{"column":16,"file":"c:\\Users\\Ale\\WebstormProjects\\NewsProject\\server\\node_modules\\kareem\\index.js","function":null,"line":127,"method":null,"native":false},{"column":9,"file":"node.js","function":"nextTickCallbackWith0Args","line":420,"method":null,"native":false},{"column":13,"file":"node.js","function":"process._tickCallback","line":349,"method":"_tickCallback","native":false}],"stack":["TypeError: doc.save is not a function","    at c:\\Users\\Ale\\WebstormProjects\\NewsProject\\server\\api\\v_1\\routes\\api.articles.js:90:13","    at Query.Model.$wrapCallback (c:\\Users\\Ale\\WebstormProjects\\NewsProject\\server\\node_modules\\mongoose\\lib\\model.js:3327:16)","    at c:\\Users\\Ale\\WebstormProjects\\NewsProject\\server\\node_modules\\kareem\\index.js:259:21","    at c:\\Users\\Ale\\WebstormProjects\\NewsProject\\server\\node_modules\\kareem\\index.js:127:16","    at nextTickCallbackWith0Args (node.js:420:9)","    at process._tickCallback (node.js:349:13)"],"level":"error","message":"uncaughtException: doc.save is not a function","timestamp":"2016-09-06T20:14:21.336Z"}
{"date":"Tue Sep 06 2016 22:15:36 GMT+0200 (ora legale Europa occidentale)","process":{"pid":3572,"uid":null,"gid":null,"cwd":"c:\\Users\\Ale\\WebstormProjects\\NewsProject\\server","execPath":"C:\\Program Files\\nodejs\\node.exe","version":"v4.4.7","argv":["C:\\Program Files\\nodejs\\node.exe","c:\\Users\\Ale\\WebstormProjects\\NewsProject\\server\\server.js"],"memoryUsage":{"rss":60985344,"heapTotal":34147920,"heapUsed":31946528}},"os":{"loadavg":[0,0,0],"uptime":47296.8764927},"trace":[{"column":13,"file":"c:\\Users\\Ale\\WebstormProjects\\NewsProject\\server\\api\\v_1\\routes\\api.articles.js","function":null,"line":90,"method":null,"native":false},{"column":16,"file":"c:\\Users\\Ale\\WebstormProjects\\NewsProject\\server\\node_modules\\mongoose\\lib\\model.js","function":"Query.Model.$wrapCallback","line":3327,"method":"Model.$wrapCallback","native":false},{"column":21,"file":"c:\\Users\\Ale\\WebstormProjects\\NewsProject\\server\\node_modules\\kareem\\index.js","function":null,"line":259,"method":null,"native":false},{"column":16,"file":"c:\\Users\\Ale\\WebstormProjects\\NewsProject\\server\\node_modules\\kareem\\index.js","function":null,"line":127,"method":null,"native":false},{"column":9,"file":"node.js","function":"nextTickCallbackWith0Args","line":420,"method":null,"native":false},{"column":13,"file":"node.js","function":"process._tickCallback","line":349,"method":"_tickCallback","native":false}],"stack":["TypeError: doc.save is not a function","    at c:\\Users\\Ale\\WebstormProjects\\NewsProject\\server\\api\\v_1\\routes\\api.articles.js:90:13","    at Query.Model.$wrapCallback (c:\\Users\\Ale\\WebstormProjects\\NewsProject\\server\\node_modules\\mongoose\\lib\\model.js:3327:16)","    at c:\\Users\\Ale\\WebstormProjects\\NewsProject\\server\\node_modules\\kareem\\index.js:259:21","    at c:\\Users\\Ale\\WebstormProjects\\NewsProject\\server\\node_modules\\kareem\\index.js:127:16","    at nextTickCallbackWith0Args (node.js:420:9)","    at process._tickCallback (node.js:349:13)"],"level":"error","message":"uncaughtException: doc.save is not a function","timestamp":"2016-09-06T20:15:36.255Z"}
{"level":"info","message":"DATABASE: Connection success!","timestamp":"2016-09-06T20:16:20.189Z"}
{"level":"info","message":"Applicaton listen on port 3030","timestamp":"2016-09-06T20:16:20.229Z"}
{"date":"Tue Sep 06 2016 22:16:44 GMT+0200 (ora legale Europa occidentale)","process":{"pid":6084,"uid":null,"gid":null,"cwd":"c:\\Users\\Ale\\WebstormProjects\\NewsProject\\server","execPath":"C:\\Program Files\\nodejs\\node.exe","version":"v4.4.7","argv":["C:\\Program Files\\nodejs\\node.exe","c:\\Users\\Ale\\WebstormProjects\\NewsProject\\server\\server.js"],"memoryUsage":{"rss":59428864,"heapTotal":33115984,"heapUsed":29351184}},"os":{"loadavg":[0,0,0],"uptime":47365.4544151},"trace":[{"column":13,"file":"c:\\Users\\Ale\\WebstormProjects\\NewsProject\\server\\api\\v_1\\routes\\api.articles.js","function":null,"line":91,"method":null,"native":false},{"column":16,"file":"c:\\Users\\Ale\\WebstormProjects\\NewsProject\\server\\node_modules\\mongoose\\lib\\model.js","function":"Query.Model.$wrapCallback","line":3327,"method":"Model.$wrapCallback","native":false},{"column":21,"file":"c:\\Users\\Ale\\WebstormProjects\\NewsProject\\server\\node_modules\\kareem\\index.js","function":null,"line":259,"method":null,"native":false},{"column":16,"file":"c:\\Users\\Ale\\WebstormProjects\\NewsProject\\server\\node_modules\\kareem\\index.js","function":null,"line":127,"method":null,"native":false},{"column":9,"file":"node.js","function":"nextTickCallbackWith0Args","line":420,"method":null,"native":false},{"column":13,"file":"node.js","function":"process._tickCallback","line":349,"method":"_tickCallback","native":false}],"stack":["TypeError: doc.save is not a function","    at c:\\Users\\Ale\\WebstormProjects\\NewsProject\\server\\api\\v_1\\routes\\api.articles.js:91:13","    at Query.Model.$wrapCallback (c:\\Users\\Ale\\WebstormProjects\\NewsProject\\server\\node_modules\\mongoose\\lib\\model.js:3327:16)","    at c:\\Users\\Ale\\WebstormProjects\\NewsProject\\server\\node_modules\\kareem\\index.js:259:21","    at c:\\Users\\Ale\\WebstormProjects\\NewsProject\\server\\node_modules\\kareem\\index.js:127:16","    at nextTickCallbackWith0Args (node.js:420:9)","    at process._tickCallback (node.js:349:13)"],"level":"error","message":"uncaughtException: doc.save is not a function","timestamp":"2016-09-06T20:16:44.833Z"}
{"level":"info","message":"DATABASE: Connection success!","timestamp":"2016-09-06T20:17:12.115Z"}
{"level":"info","message":"Applicaton listen on port 3030","timestamp":"2016-09-06T20:17:12.147Z"}
{"level":"info","message":"DATABASE: Connection success!","timestamp":"2016-09-06T20:18:01.235Z"}
{"level":"info","message":"Applicaton listen on port 3030","timestamp":"2016-09-06T20:18:01.268Z"}
{"date":"Tue Sep 06 2016 22:18:37 GMT+0200 (ora legale Europa occidentale)","process":{"pid":9064,"uid":null,"gid":null,"cwd":"c:\\Users\\Ale\\WebstormProjects\\NewsProject\\server","execPath":"C:\\Program Files\\nodejs\\node.exe","version":"v4.4.7","argv":["C:\\Program Files\\nodejs\\node.exe","c:\\Users\\Ale\\WebstormProjects\\NewsProject\\server\\server.js"],"memoryUsage":{"rss":73183232,"heapTotal":47546448,"heapUsed":36152272}},"os":{"loadavg":[0,0,0],"uptime":47477.9118473},"trace":[{"column":13,"file":"c:\\Users\\Ale\\WebstormProjects\\NewsProject\\server\\api\\v_1\\routes\\api.articles.js","function":null,"line":91,"method":null,"native":false},{"column":16,"file":"c:\\Users\\Ale\\WebstormProjects\\NewsProject\\server\\node_modules\\mongoose\\lib\\model.js","function":"Query.Model.$wrapCallback","line":3327,"method":"Model.$wrapCallback","native":false},{"column":21,"file":"c:\\Users\\Ale\\WebstormProjects\\NewsProject\\server\\node_modules\\kareem\\index.js","function":null,"line":259,"method":null,"native":false},{"column":16,"file":"c:\\Users\\Ale\\WebstormProjects\\NewsProject\\server\\node_modules\\kareem\\index.js","function":null,"line":127,"method":null,"native":false},{"column":9,"file":"node.js","function":"nextTickCallbackWith0Args","line":420,"method":null,"native":false},{"column":13,"file":"node.js","function":"process._tickCallback","line":349,"method":"_tickCallback","native":false}],"stack":["TypeError: doc.save is not a function","    at c:\\Users\\Ale\\WebstormProjects\\NewsProject\\server\\api\\v_1\\routes\\api.articles.js:91:13","    at Query.Model.$wrapCallback (c:\\Users\\Ale\\WebstormProjects\\NewsProject\\server\\node_modules\\mongoose\\lib\\model.js:3327:16)","    at c:\\Users\\Ale\\WebstormProjects\\NewsProject\\server\\node_modules\\kareem\\index.js:259:21","    at c:\\Users\\Ale\\WebstormProjects\\NewsProject\\server\\node_modules\\kareem\\index.js:127:16","    at nextTickCallbackWith0Args (node.js:420:9)","    at process._tickCallback (node.js:349:13)"],"level":"error","message":"uncaughtException: doc.save is not a function","timestamp":"2016-09-06T20:18:37.292Z"}
{"level":"info","message":"DATABASE: Connection success!","timestamp":"2016-09-06T20:21:18.650Z"}
{"level":"info","message":"Applicaton listen on port 3030","timestamp":"2016-09-06T20:21:18.687Z"}
{"level":"info","message":"DATABASE: Connection success!","timestamp":"2016-09-06T20:31:42.372Z"}
{"level":"info","message":"Applicaton listen on port 3030","timestamp":"2016-09-06T20:31:42.418Z"}
{"level":"info","message":"DATABASE: Connection success!","timestamp":"2016-09-06T20:41:05.260Z"}
{"level":"info","message":"Applicaton listen on port 3030","timestamp":"2016-09-06T20:41:05.294Z"}
{"level":"info","message":"DATABASE: Connection success!","timestamp":"2016-09-06T20:46:29.085Z"}
{"level":"info","message":"Applicaton listen on port 3030","timestamp":"2016-09-06T20:46:29.121Z"}
{"level":"info","message":"DATABASE: Connection success!","timestamp":"2016-09-06T20:47:47.871Z"}
{"level":"info","message":"Applicaton listen on port 3030","timestamp":"2016-09-06T20:47:47.912Z"}
{"level":"info","message":"DATABASE: Connection success!","timestamp":"2016-09-06T20:52:08.088Z"}
{"level":"info","message":"Applicaton listen on port 3030","timestamp":"2016-09-06T20:52:08.130Z"}
{"level":"info","message":"DATABASE: Connection success!","timestamp":"2016-09-06T20:53:28.785Z"}
{"level":"info","message":"Applicaton listen on port 3030","timestamp":"2016-09-06T20:53:28.818Z"}
{"level":"info","message":"DATABASE: Connection success!","timestamp":"2016-09-06T21:05:53.575Z"}
{"level":"info","message":"Applicaton listen on port 3030","timestamp":"2016-09-06T21:05:53.617Z"}
{"level":"info","message":"DATABASE: Connection success!","timestamp":"2016-09-06T22:19:17.932Z"}
{"level":"info","message":"Applicaton listen on port 3030","timestamp":"2016-09-06T22:19:17.975Z"}
